{"level":"info","message":"Hello from Acquisitions ! ","service":"user-service"}
{"level":"info","message":"Hello from Acquisitions ! ","service":"user-service"}
{"level":"info","message":"Hello from Acquisitions ! ","service":"user-service"}
{"level":"info","message":"Hello from Acquisitions ! ","service":"user-service"}
{"level":"info","message":"Hello from Acquisitions ! ","service":"user-service"}
{"level":"info","message":"Hello from Acquisitions ! ","service":"user-service"}
{"level":"info","message":"Hello from Acquisitions ! ","servuice":"ser-service"}
{"level":"info","message":"Hello from Acquisitions ! ","servuice":"ser-service"}
{"level":"info","message":"Hello from Acquisitions ! ","servuice":"ser-service"}
{"level":"info","message":"Hello from Acquisitions ! ","servuice":"ser-service"}
{"level":"info","message":"Hello from Acquisitions ! ","servuice":"ser-service"}
{"level":"info","message":"Hello from Acquisitions ! ","servuice":"ser-service"}
{"level":"info","message":"Hello from Acquisitions ! ","service":"user-service"}
{"level":"info","message":"Hello from Acquisitions ! ","service":"user-service"}
{"level":"info","message":"Hello from Acquisitions ! ","service":"user-service"}
{"level":"info","message":"Hello from Acquisitions ! ","service":"user-service"}
{"level":"info","message":"Hello from Acquisitions ! ","service":"user-service"}
{"level":"info","message":"Hello from Acquisitions ! ","service":"user-service"}
{"level":"info","message":"Hello from Acquisitions ! ","service":"user-service"}
{"level":"info","message":"Hello from Acquisitions ! ","service":"user-service"}
{"level":"info","message":"Hello from Acquisitions ! ","service":"user-service"}
{"level":"info","message":"Hello from Acquisitions ! ","service":"user-service"}
{"level":"info","message":"Hello from Acquisitions ! ","service":"user-service"}
{"level":"info","message":"Hello from Acquisitions ! ","service":"user-service"}
{"level":"info","message":"Hello from Acquisitions ! ","service":"user-service"}
{"level":"info","message":"Hello from Acquisitions ! ","service":"user-service"}
{"level":"info","message":"Hello from Acquisitions ! ","service":"user-service"}
{"level":"info","message":"Hello from Acquisitions ! ","service":"user-service"}
{"level":"info","message":"Hello from Acquisitions ! ","service":"user-service"}
{"level":"info","message":"Hello from Acquisitions ! ","service":"user-service"}
{"level":"info","message":"Hello from Acquisitions ! ","service":"user-service"}
{"level":"info","message":"Hello from Acquisitions ! ","service":"user-service"}
{"level":"info","message":"Hello from Acquisitions ! ","service":"user-service"}
{"level":"info","message":"Hello from Acquisitions ! ","service":"user-service"}
{"level":"info","message":"Hello from Acquisitions ! ","service":"user-service"}
{"level":"info","message":"Hello from Acquisitions ! ","service":"user-service"}
{"level":"info","message":"Hello from Acquisitions ! ","service":"user-service"}
{"level":"info","message":"Hello from Acquisitions ! ","service":"user-service"}
{"level":"info","message":"Hello from Acquisitions ! ","service":"user-service"}
{"level":"info","message":"Hello from Acquisitions ! ","service":"user-service"}
{"level":"info","message":"Hello from Acquisitions ! ","service":"user-service"}
{"level":"info","message":"Hello from Acquisitions ! ","service":"user-service"}
{"level":"info","message":"Hello from Acquisitions ! ","service":"user-service"}
{"level":"info","message":"Hello from Acquisitions ! ","service":"user-service"}
{"level":"info","message":"Hello from Acquisitions ! ","service":"user-service"}
{"level":"info","message":"Hello from Acquisitions ! ","service":"user-service"}
{"level":"info","message":"Hello from Acquisitions ! ","service":"user-service"}
{"level":"info","message":"Hello from Acquisitions ! ","service":"user-service"}
{"level":"info","message":"Hello from Acquisitions ! ","service":"user-service"}
{"level":"info","message":"Hello from Acquisitions ! ","service":"user-service"}
{"level":"info","message":"Hello from Acquisitions ! ","service":"aquisitions-api","timestamp":"2025-11-05T16:43:16.709Z"}
{"level":"info","message":"Hello from Acquisitions ! ","service":"aquisitions-api","timestamp":"2025-11-05T16:43:17.321Z"}
{"level":"info","message":"Hello from Acquisitions ! ","service":"aquisitions-api","timestamp":"2025-11-05T16:43:21.227Z"}
{"level":"info","message":"Hello from Acquisitions ! ","service":"aquisitions-api","timestamp":"2025-11-05T16:43:22.139Z"}
{"level":"info","message":"Hello from Acquisitions ! ","service":"aquisitions-api","timestamp":"2025-11-05T16:43:22.622Z"}
{"level":"info","message":"Hello from Acquisitions ! ","service":"aquisitions-api","timestamp":"2025-11-05T16:55:55.374Z"}
{"level":"info","message":"::1 - - [05/Nov/2025:16:55:55 +0000] \"GET /health HTTP/1.1\" 200 75 \"-\" \"Mozilla/5.0 (X11; Linux x86_64) AppleWebKit/537.36 (KHTML, like Gecko) Chrome/138.0.0.0 Safari/537.36\"","service":"aquisitions-api","timestamp":"2025-11-05T16:55:55.383Z"}
{"level":"info","message":"Hello from Acquisitions ! ","service":"aquisitions-api","timestamp":"2025-11-05T16:55:56.026Z"}
{"level":"info","message":"::1 - - [05/Nov/2025:16:55:56 +0000] \"GET /health HTTP/1.1\" 200 75 \"-\" \"Mozilla/5.0 (X11; Linux x86_64) AppleWebKit/537.36 (KHTML, like Gecko) Chrome/138.0.0.0 Safari/537.36\"","service":"aquisitions-api","timestamp":"2025-11-05T16:55:56.028Z"}
{"level":"info","message":"Hello from Acquisitions ! ","service":"aquisitions-api","timestamp":"2025-11-05T16:56:16.928Z"}
{"level":"info","message":"::1 - - [05/Nov/2025:16:56:16 +0000] \"GET /health HTTP/1.1\" 200 75 \"-\" \"Mozilla/5.0 (X11; Linux x86_64) AppleWebKit/537.36 (KHTML, like Gecko) Chrome/138.0.0.0 Safari/537.36\"","service":"aquisitions-api","timestamp":"2025-11-05T16:56:16.937Z"}
{"level":"info","message":"Hello from Acquisitions ! ","service":"aquisitions-api","timestamp":"2025-11-05T16:56:27.895Z"}
{"level":"info","message":"::1 - - [05/Nov/2025:16:56:27 +0000] \"GET /health HTTP/1.1\" 200 75 \"-\" \"Mozilla/5.0 (X11; Linux x86_64) AppleWebKit/537.36 (KHTML, like Gecko) Chrome/138.0.0.0 Safari/537.36\"","service":"aquisitions-api","timestamp":"2025-11-05T16:56:27.916Z"}
{"level":"info","message":"Hello from Acquisitions ! ","service":"aquisitions-api","timestamp":"2025-11-05T16:58:04.060Z"}
{"level":"info","message":"(Acquisitions) ::1 - - [05/Nov/2025:16:58:04 +0000] \"GET /health HTTP/1.1\" 200 75 \"-\" \"Mozilla/5.0 (X11; Linux x86_64) AppleWebKit/537.36 (KHTML, like Gecko) Chrome/138.0.0.0 Safari/537.36\"","service":"aquisitions-api","timestamp":"2025-11-05T16:58:04.069Z"}
{"level":"info","message":"Hello from Acquisitions ! ","service":"aquisitions-api","timestamp":"2025-11-05T16:58:04.880Z"}
{"level":"info","message":"(Acquisitions) ::1 - - [05/Nov/2025:16:58:04 +0000] \"GET /health HTTP/1.1\" 200 75 \"-\" \"Mozilla/5.0 (X11; Linux x86_64) AppleWebKit/537.36 (KHTML, like Gecko) Chrome/138.0.0.0 Safari/537.36\"","service":"aquisitions-api","timestamp":"2025-11-05T16:58:04.882Z"}
{"level":"info","message":"(Acquisitions) ::1 - - [05/Nov/2025:16:58:15 +0000] \"GET /health HTTP/1.1\" 200 75 \"-\" \"Mozilla/5.0 (X11; Linux x86_64) AppleWebKit/537.36 (KHTML, like Gecko) Chrome/138.0.0.0 Safari/537.36\"","service":"aquisitions-api","timestamp":"2025-11-05T16:58:15.859Z"}
{"level":"info","message":"(Acquisitions) ::1 - - [05/Nov/2025:16:58:15 +0000] \"GET /health HTTP/1.1\" 200 75 \"-\" \"Mozilla/5.0 (X11; Linux x86_64) AppleWebKit/537.36 (KHTML, like Gecko) Chrome/138.0.0.0 Safari/537.36\"","service":"aquisitions-api","timestamp":"2025-11-05T16:58:15.877Z"}
{"level":"info","message":"(Acquisitions) ::1 - - [05/Nov/2025:17:00:06 +0000] \"GET /health HTTP/1.1\" 200 75 \"-\" \"Mozilla/5.0 (X11; Linux x86_64) AppleWebKit/537.36 (KHTML, like Gecko) Chrome/138.0.0.0 Safari/537.36\"","service":"aquisitions-api","timestamp":"2025-11-05T17:00:06.278Z"}
{"level":"info","message":"(Acquisitions) ::1 - - [05/Nov/2025:17:00:06 +0000] \"GET /health HTTP/1.1\" 200 75 \"-\" \"Mozilla/5.0 (X11; Linux x86_64) AppleWebKit/537.36 (KHTML, like Gecko) Chrome/138.0.0.0 Safari/537.36\"","service":"aquisitions-api","timestamp":"2025-11-05T17:00:06.711Z"}
{"level":"info","message":"(Acquisitions) ::1 - - [05/Nov/2025:17:00:07 +0000] \"GET /health HTTP/1.1\" 200 75 \"-\" \"Mozilla/5.0 (X11; Linux x86_64) AppleWebKit/537.36 (KHTML, like Gecko) Chrome/138.0.0.0 Safari/537.36\"","service":"aquisitions-api","timestamp":"2025-11-05T17:00:07.135Z"}
{"level":"info","message":"(Acquisitions) ::1 - - [05/Nov/2025:17:00:07 +0000] \"GET /health HTTP/1.1\" 200 75 \"-\" \"Mozilla/5.0 (X11; Linux x86_64) AppleWebKit/537.36 (KHTML, like Gecko) Chrome/138.0.0.0 Safari/537.36\"","service":"aquisitions-api","timestamp":"2025-11-05T17:00:07.301Z"}
